<?xml version="1.0" encoding="UTF-8"?>
<testsuite name="com.example.abcplayer.audio.preprocess.AudioPreprocessorTest" tests="2" skipped="0" failures="0" errors="0" timestamp="2026-04-24T18:59:10" hostname="localhost" time="0.013">
  <properties/>
  <testcase name="noiseGateSuppressesQuietFrames" classname="com.example.abcplayer.audio.preprocess.AudioPreprocessorTest" time="0.006"/>
  <testcase name="bandPassFavorsInBandSignal" classname="com.example.abcplayer.audio.preprocess.AudioPreprocessorTest" time="0.006"/>
  <system-out><![CDATA[]]></system-out>
  <system-err><![CDATA[]]></system-err>
</testsuite>
