<?xml version="1.0" encoding="UTF-8"?>
<testsuite name="com.example.abcplayer.AbcTempoNotationTest" tests="3" skipped="0" failures="0" errors="0" timestamp="2026-04-24T18:59:10" hostname="localhost" time="0.009">
  <properties/>
  <testcase name="normalizesStandardQuarterNoteTempo" classname="com.example.abcplayer.AbcTempoNotationTest" time="0.007"/>
  <testcase name="normalizesTempoUsingDifferentBeatUnit" classname="com.example.abcplayer.AbcTempoNotationTest" time="0.0"/>
  <testcase name="ignoresTempoTextWhileParsing" classname="com.example.abcplayer.AbcTempoNotationTest" time="0.0"/>
  <system-out><![CDATA[]]></system-out>
  <system-err><![CDATA[]]></system-err>
</testsuite>
