<?xml version="1.0" encoding="UTF-8"?>
<testsuite name="com.example.abcplayer.audio.smoothing.TemporalPitchSmootherTest" tests="2" skipped="0" failures="0" errors="0" timestamp="2026-04-24T18:59:13" hostname="localhost" time="0.001">
  <properties/>
  <testcase name="hysteresisKeepsStableNoteThroughSmallJitter" classname="com.example.abcplayer.audio.smoothing.TemporalPitchSmootherTest" time="0.0"/>
  <testcase name="modeFilterPrefersMostFrequentRecentNote" classname="com.example.abcplayer.audio.smoothing.TemporalPitchSmootherTest" time="0.0"/>
  <system-out><![CDATA[]]></system-out>
  <system-err><![CDATA[]]></system-err>
</testsuite>
